<?xml version="1.0" encoding="UTF-8"?>
<!-- Generated by org.testng.reporters.JUnitReportReporter -->
<testsuite hostname="DESKTOP-66NG6LL" failures="0" tests="3" name="com.w3schools.tests.LoginTest" time="88.366" errors="0" timestamp="2023-10-28T10:14:54 IST" skipped="1">
  <testcase classname="com.w3schools.tests.LoginTest" name="loginwithInvalidCredentials" time="13.061"/>
  <system-out/>
  <testcase classname="com.w3schools.tests.LoginTest" name="loginwithInvalidCredentials" time="75.305"/>
  <system-out/>
  <testcase classname="com.w3schools.tests.LoginTest" name="loginWithvalidCredentials">
    <skipped/>
  </testcase> <!-- loginWithvalidCredentials -->
  <system-out/>
</testsuite> <!-- com.w3schools.tests.LoginTest -->
