<?xml version="1.0" encoding="UTF-8"?>
<!-- Generated by org.testng.reporters.JUnitReportReporter -->
<testsuite hostname="DESKTOP-66NG6LL" failures="0" tests="1" name="com.w3schools.tests.ProfileTest" time="22.678" errors="0" timestamp="2023-12-19T11:28:02 IST" skipped="0">
  <testcase classname="com.w3schools.tests.ProfileTest" name="profilevalidation" time="22.678"/>
  <system-out/>
</testsuite> <!-- com.w3schools.tests.ProfileTest -->
