<?xml version="1.0" encoding="UTF-8"?>
<!-- Generated by org.testng.reporters.JUnitReportReporter -->
<testsuite hostname="DESKTOP-66NG6LL" failures="0" tests="3" name="com.w3schools.tests.LoginTest" time="24.913" errors="0" timestamp="2023-12-07T20:12:20 IST" skipped="2">
  <testcase classname="com.w3schools.tests.LoginTest" name="clickBrowseTutorialLink" time="24.913"/>
  <system-out/>
  <testcase classname="com.w3schools.tests.LoginTest" name="loginwithInvalidCredentials">
    <skipped/>
  </testcase> <!-- loginwithInvalidCredentials -->
  <system-out/>
  <testcase classname="com.w3schools.tests.LoginTest" name="loginWithvalidCredentials">
    <skipped/>
  </testcase> <!-- loginWithvalidCredentials -->
  <system-out/>
</testsuite> <!-- com.w3schools.tests.LoginTest -->
