<?xml version="1.0" encoding="UTF-8"?>
<!-- Generated by org.testng.reporters.JUnitReportReporter -->
<testsuite hostname="DESKTOP-66NG6LL" failures="0" tests="1" name="com.w3schools.tests.ProfileTest" time="153.800" errors="0" timestamp="2023-12-07T20:09:13 IST" skipped="0">
  <testcase classname="com.w3schools.tests.ProfileTest" name="profilevalidation" time="153.800"/>
  <system-out/>
</testsuite> <!-- com.w3schools.tests.ProfileTest -->
