<?xml version="1.0" encoding="UTF-8"?>
<!-- Generated by org.testng.reporters.JUnitReportReporter -->
<testsuite hostname="DESKTOP-66NG6LL" failures="0" tests="3" name="com.w3schools.tests.LoginTest" time="32.122" errors="0" timestamp="2023-12-01T10:04:30 IST" skipped="1">
  <testcase classname="com.w3schools.tests.LoginTest" name="clickBrowseTutorialLink" time="18.030"/>
  <system-out/>
  <testcase classname="com.w3schools.tests.LoginTest" name="loginWithvalidCredentials" time="14.092"/>
  <system-out/>
  <testcase classname="com.w3schools.tests.LoginTest" name="loginwithInvalidCredentials">
    <skipped/>
  </testcase> <!-- loginwithInvalidCredentials -->
  <system-out/>
</testsuite> <!-- com.w3schools.tests.LoginTest -->
